Arguments: 
  /usr/local/Cellar/node/12.6.0/bin/node /usr/local/bin/yarn add tensorflow-datasets

PATH: 
  /Users/aaronblackshear/.rvm/gems/ruby-2.5.1/bin:/Users/aaronblackshear/.rvm/gems/ruby-2.5.1@global/bin:/Users/aaronblackshear/.rvm/rubies/ruby-2.5.1/bin:/Users/aaronblackshear/.bin:/usr/local/bin:/usr/bin:/bin:/usr/sbin:/sbin:/Applications/VMware Fusion.app/Contents/Public:/usr/local/MacGPG2/bin:/usr/local/share/dotnet:~/.dotnet/tools:/Library/Frameworks/Mono.framework/Versions/Current/Commands:/Applications/Wireshark.app/Contents/MacOS:/Users/aaronblackshear/.rvm/gems/ruby-2.5.1/bin:/Users/aaronblackshear/.rvm/gems/ruby-2.5.1@global/bin:/Users/aaronblackshear/.rvm/rubies/ruby-2.5.1/bin:/Users/aaronblackshear/.bin:/Users/aaronblackshear/.rvm/bin:/Users/aaronblackshear/.rvm/bin

Yarn version: 
  1.13.0

Node version: 
  12.6.0

Platform: 
  darwin x64

Trace: 
  Error: https://registry.yarnpkg.com/tensorflow-datasets: Not found
      at Request.params.callback [as _callback] (/usr/local/lib/node_modules/yarn/lib/cli.js:66255:18)
      at Request.self.callback (/usr/local/lib/node_modules/yarn/lib/cli.js:129397:22)
      at Request.emit (events.js:203:13)
      at Request.<anonymous> (/usr/local/lib/node_modules/yarn/lib/cli.js:130369:10)
      at Request.emit (events.js:203:13)
      at IncomingMessage.<anonymous> (/usr/local/lib/node_modules/yarn/lib/cli.js:130291:12)
      at Object.onceWrapper (events.js:291:20)
      at IncomingMessage.emit (events.js:208:15)
      at endReadableNT (_stream_readable.js:1154:12)
      at processTicksAndRejections (internal/process/task_queues.js:77:11)

npm manifest: 
  {
    "name": "tf-devmeeting-practice",
    "version": "1.0.0",
    "description": "",
    "main": "index.js",
    "scripts": {
      "test": "echo \"Error: no test specified\" && exit 1"
    },
    "keywords": [],
    "author": "",
    "license": "ISC",
    "dependencies": {
      "@tensorflow/tfjs": "^1.5.1"
    }
  }

yarn manifest: 
  No manifest

Lockfile: 
  # THIS IS AN AUTOGENERATED FILE. DO NOT EDIT THIS FILE DIRECTLY.
  # yarn lockfile v1
  
  
  "@tensorflow/tfjs-converter@1.5.1":
    version "1.5.1"
    resolved "https://registry.yarnpkg.com/@tensorflow/tfjs-converter/-/tfjs-converter-1.5.1.tgz#13b76266d51c7e7f3aeee27cdc65444a48e01538"
    integrity sha512-M9tl2/ep8ntcZpmncHwKuvThsS7TaUWqJ9vJSgJmkazwTfAvlAJmZ8/p1miJ+m5sH1EJO4oTjiEmch6g8IA5IQ==
  
  "@tensorflow/tfjs-core@1.5.1":
    version "1.5.1"
    resolved "https://registry.yarnpkg.com/@tensorflow/tfjs-core/-/tfjs-core-1.5.1.tgz#490209617f744fef660e8f81fe8b858e95b0d10b"
    integrity sha512-N4fsi8mLsRwRs8UJN2cARB1rYFxyVXkLyZ4wOusiR976BwwZbCwQrTTSIPzPqYT3rwiexEUzm7sM6ZaDl5dpXA==
    dependencies:
      "@types/offscreencanvas" "~2019.3.0"
      "@types/seedrandom" "2.4.27"
      "@types/webgl-ext" "0.0.30"
      "@types/webgl2" "0.0.4"
      node-fetch "~2.1.2"
      seedrandom "2.4.3"
  
  "@tensorflow/tfjs-data@1.5.1":
    version "1.5.1"
    resolved "https://registry.yarnpkg.com/@tensorflow/tfjs-data/-/tfjs-data-1.5.1.tgz#cafdbbce3d9bf07134b334aa5ca8bf46c5802a3b"
    integrity sha512-eu4X0tHS1Tng+cvMO9gkMhUWX/UZQ//VpiaZfQJfa3zvUgxw6s1MHJFb0JC1T1FOnEgDVriZ8G758ysJZOybog==
    dependencies:
      "@types/node-fetch" "^2.1.2"
      node-fetch "~2.1.2"
  
  "@tensorflow/tfjs-layers@1.5.1":
    version "1.5.1"
    resolved "https://registry.yarnpkg.com/@tensorflow/tfjs-layers/-/tfjs-layers-1.5.1.tgz#52aab88ab64618bfb193a7fafc7443a7edaaa151"
    integrity sha512-DyuhifqflK+bdpBRLAj3RuWm1eTVe8yNX2+WH+W+wmhpjGg7Yagnar6/66JdS2h3WUFoiplCpZRAVMVw631E5g==
  
  "@tensorflow/tfjs@^1.5.1":
    version "1.5.1"
    resolved "https://registry.yarnpkg.com/@tensorflow/tfjs/-/tfjs-1.5.1.tgz#dc16a5bcca2514e013b87f74c4939d609ecf6bcb"
    integrity sha512-WiE+JQ3ibr5LibGiBz6HWUqLJW8HiX6ywUSCA7ehZ67vFsw4mPuVjv0WEEUfD/l47PkXYVAmWd+RYOJiuZC7Eg==
    dependencies:
      "@tensorflow/tfjs-converter" "1.5.1"
      "@tensorflow/tfjs-core" "1.5.1"
      "@tensorflow/tfjs-data" "1.5.1"
      "@tensorflow/tfjs-layers" "1.5.1"
  
  "@types/node-fetch@^2.1.2":
    version "2.5.4"
    resolved "https://registry.yarnpkg.com/@types/node-fetch/-/node-fetch-2.5.4.tgz#5245b6d8841fc3a6208b82291119bc11c4e0ce44"
    integrity sha512-Oz6id++2qAOFuOlE1j0ouk1dzl3mmI1+qINPNBhi9nt/gVOz0G+13Ao6qjhdF0Ys+eOkhu6JnFmt38bR3H0POQ==
    dependencies:
      "@types/node" "*"
  
  "@types/node@*":
    version "12.12.21"
    resolved "https://registry.yarnpkg.com/@types/node/-/node-12.12.21.tgz#aa44a6363291c7037111c47e4661ad210aded23f"
    integrity sha512-8sRGhbpU+ck1n0PGAUgVrWrWdjSW2aqNeyC15W88GRsMpSwzv6RJGlLhE7s2RhVSOdyDmxbqlWSeThq4/7xqlA==
  
  "@types/offscreencanvas@~2019.3.0":
    version "2019.3.0"
    resolved "https://registry.yarnpkg.com/@types/offscreencanvas/-/offscreencanvas-2019.3.0.tgz#3336428ec7e9180cf4566dfea5da04eb586a6553"
    integrity sha512-esIJx9bQg+QYF0ra8GnvfianIY8qWB0GBx54PK5Eps6m+xTj86KLavHv6qDhzKcu5UUOgNfJ2pWaIIV7TRUd9Q==
  
  "@types/seedrandom@2.4.27":
    version "2.4.27"
    resolved "https://registry.yarnpkg.com/@types/seedrandom/-/seedrandom-2.4.27.tgz#9db563937dd86915f69092bc43259d2f48578e41"
    integrity sha1-nbVjk33YaRX2kJK8QyWdL0hXjkE=
  
  "@types/webgl-ext@0.0.30":
    version "0.0.30"
    resolved "https://registry.yarnpkg.com/@types/webgl-ext/-/webgl-ext-0.0.30.tgz#0ce498c16a41a23d15289e0b844d945b25f0fb9d"
    integrity sha512-LKVgNmBxN0BbljJrVUwkxwRYqzsAEPcZOe6S2T6ZaBDIrFp0qu4FNlpc5sM1tGbXUYFgdVQIoeLk1Y1UoblyEg==
  
  "@types/webgl2@0.0.4":
    version "0.0.4"
    resolved "https://registry.yarnpkg.com/@types/webgl2/-/webgl2-0.0.4.tgz#c3b0f9d6b465c66138e84e64cb3bdf8373c2c279"
    integrity sha512-PACt1xdErJbMUOUweSrbVM7gSIYm1vTncW2hF6Os/EeWi6TXYAYMPp+8v6rzHmypE5gHrxaxZNXgMkJVIdZpHw==
  
  node-fetch@~2.1.2:
    version "2.1.2"
    resolved "https://registry.yarnpkg.com/node-fetch/-/node-fetch-2.1.2.tgz#ab884e8e7e57e38a944753cec706f788d1768bb5"
    integrity sha1-q4hOjn5X44qUR1POxwb3iNF2i7U=
  
  seedrandom@2.4.3:
    version "2.4.3"
    resolved "https://registry.yarnpkg.com/seedrandom/-/seedrandom-2.4.3.tgz#2438504dad33917314bff18ac4d794f16d6aaecc"
    integrity sha1-JDhQTa0zkXMUv/GKxNeU8W1qrsw=
